TN:
SF:src\fun.ts
FN:14,financialTransaction
FN:34,getStatistics
FN:45,(anonymous_2)
FN:74,getStatisticsByDate
FN:85,(anonymous_4)
FN:116,getStatisticsBySearch
FN:128,(anonymous_6)
FN:150,getCategoryStatisticsByDate
FN:159,(anonymous_8)
FN:179,(anonymous_9)
FN:180,(anonymous_10)
FNF:11
FNH:10
FNDA:0,financialTransaction
FNDA:3,getStatistics
FNDA:12,(anonymous_2)
FNDA:3,getStatisticsByDate
FNDA:12,(anonymous_4)
FNDA:6,getStatisticsBySearch
FNDA:30,(anonymous_6)
FNDA:3,getCategoryStatisticsByDate
FNDA:12,(anonymous_8)
FNDA:4,(anonymous_9)
FNDA:6,(anonymous_10)
DA:11,1
DA:14,1
DA:21,0
DA:22,0
DA:30,0
DA:34,1
DA:39,3
DA:42,3
DA:43,3
DA:45,3
DA:46,12
DA:49,12
DA:50,4
DA:51,4
DA:54,4
DA:55,0
DA:56,0
DA:59,4
DA:60,4
DA:63,4
DA:64,2
DA:65,2
DA:66,2
DA:70,3
DA:74,1
DA:79,3
DA:82,3
DA:83,3
DA:85,3
DA:86,12
DA:89,12
DA:90,6
DA:91,6
DA:94,6
DA:95,0
DA:96,0
DA:99,6
DA:100,5
DA:104,6
DA:105,3
DA:106,3
DA:107,3
DA:112,3
DA:116,1
DA:120,6
DA:126,6
DA:128,6
DA:131,30
DA:136,30
DA:137,6
DA:138,6
DA:139,4
DA:140,2
DA:141,2
DA:146,6
DA:150,1
DA:155,3
DA:157,3
DA:158,3
DA:159,3
DA:160,12
DA:162,12
DA:163,6
DA:164,6
DA:166,6
DA:167,4
DA:170,6
DA:171,3
DA:172,3
DA:173,3
DA:178,3
DA:179,4
DA:180,6
DA:181,3
LF:74
LH:67
BRDA:49,0,0,4
BRDA:49,1,0,12
BRDA:49,1,1,6
BRDA:54,2,0,0
BRDA:59,3,0,4
BRDA:63,4,0,2
BRDA:63,4,1,2
BRDA:65,5,0,2
BRDA:89,6,0,6
BRDA:89,7,0,12
BRDA:89,7,1,6
BRDA:94,8,0,0
BRDA:99,9,0,5
BRDA:104,10,0,3
BRDA:104,10,1,3
BRDA:106,11,0,3
BRDA:131,12,0,30
BRDA:131,12,1,26
BRDA:131,12,2,25
BRDA:136,13,0,6
BRDA:138,14,0,4
BRDA:138,14,1,2
BRDA:140,15,0,2
BRDA:162,16,0,6
BRDA:162,17,0,12
BRDA:162,17,1,6
BRDA:166,18,0,4
BRDA:170,19,0,3
BRDA:170,19,1,3
BRDA:172,20,0,3
BRF:30
BRH:28
end_of_record
